# JRE version: Java(TM) SE Runtime Environment (8.0_71-b15) (build 1.8.0_71-b15)
# Java VM: Java HotSpot(TM) 64-Bit Server VM (25.71-b15 mixed mode bsd-amd64 compressed oops)
Heap:
 PSYoungGen      total 260096K, used 30945K [0x00000007aab00000, 0x00000007bff00000, 0x00000007c0000000)
  eden space 173056K, 17% used [0x00000007aab00000,0x00000007ac938490,0x00000007b5400000)
  from space 87040K, 0% used [0x00000007baa00000,0x00000007baa00000,0x00000007bff00000)
  to   space 87552K, 0% used [0x00000007b5400000,0x00000007b5400000,0x00000007ba980000)
 ParOldGen       total 474624K, used 167364K [0x0000000780000000, 0x000000079cf80000, 0x00000007aab00000)
  object space 474624K, 35% used [0x0000000780000000,0x000000078a371060,0x000000079cf80000)
 Metaspace       used 31331K, capacity 32612K, committed 32768K, reserved 1077248K
  class space    used 3807K, capacity 4080K, committed 4096K, reserved 1048576K
GC Heap History (10 events):
Event: 6504.730 GC heap before
{Heap before GC invocations=366 (full 9):
 PSYoungGen      total 260608K, used 241425K [0x00000007aab00000, 0x00000007c0000000, 0x00000007c0000000)
  eden space 183296K, 100% used [0x00000007aab00000,0x00000007b5e00000,0x00000007b5e00000)
  from space 77312K, 75% used [0x00000007bb480000,0x00000007bed44688,0x00000007c0000000)
  to   space 82944K, 0% used [0x00000007b5e00000,0x00000007b5e00000,0x00000007baf00000)
 ParOldGen       total 486912K, used 402688K [0x0000000780000000, 0x000000079db80000, 0x00000007aab00000)
  object space 486912K, 82% used [0x0000000780000000,0x0000000798940118,0x000000079db80000)
 Metaspace       used 31330K, capacity 32612K, committed 32768K, reserved 1077248K
  class space    used 3807K, capacity 4080K, committed 4096K, reserved 1048576K
Event: 6504.765 GC heap after
Heap after GC invocations=366 (full 9):
 PSYoungGen      total 241664K, used 58127K [0x00000007aab00000, 0x00000007c0000000, 0x00000007c0000000)
  eden space 183296K, 0% used [0x00000007aab00000,0x00000007aab00000,0x00000007b5e00000)
  from space 58368K, 99% used [0x00000007b5e00000,0x00000007b96c3c70,0x00000007b9700000)
  to   space 87552K, 0% used [0x00000007baa80000,0x00000007baa80000,0x00000007c0000000)
 ParOldGen       total 486912K, used 402688K [0x0000000780000000, 0x000000079db80000, 0x00000007aab00000)
  object space 486912K, 82% used [0x0000000780000000,0x0000000798940118,0x000000079db80000)
 Metaspace       used 31330K, capacity 32612K, committed 32768K, reserved 1077248K
  class space    used 3807K, capacity 4080K, committed 4096K, reserved 1048576K
}
Event: 6504.926 GC heap before
{Heap before GC invocations=367 (full 9):
 PSYoungGen      total 241664K, used 241423K [0x00000007aab00000, 0x00000007c0000000, 0x00000007c0000000)
  eden space 183296K, 100% used [0x00000007aab00000,0x00000007b5e00000,0x00000007b5e00000)
  from space 58368K, 99% used [0x00000007b5e00000,0x00000007b96c3c70,0x00000007b9700000)
  to   space 87552K, 0% used [0x00000007baa80000,0x00000007baa80000,0x00000007c0000000)
 ParOldGen       total 486912K, used 402688K [0x0000000780000000, 0x000000079db80000, 0x00000007aab00000)
  object space 486912K, 82% used [0x0000000780000000,0x0000000798940118,0x000000079db80000)
 Metaspace       used 31330K, capacity 32612K, committed 32768K, reserved 1077248K
  class space    used 3807K, capacity 4080K, committed 4096K, reserved 1048576K
Event: 6504.965 GC heap after
Heap after GC invocations=367 (full 9):
 PSYoungGen      total 260608K, used 49970K [0x00000007aab00000, 0x00000007c0000000, 0x00000007c0000000)
  eden space 173056K, 0% used [0x00000007aab00000,0x00000007aab00000,0x00000007b5400000)
  from space 87552K, 57% used [0x00000007baa80000,0x00000007bdb4cab0,0x00000007c0000000)
  to   space 88064K, 0% used [0x00000007b5400000,0x00000007b5400000,0x00000007baa00000)
 ParOldGen       total 486912K, used 410957K [0x0000000780000000, 0x000000079db80000, 0x00000007aab00000)
  object space 486912K, 84% used [0x0000000780000000,0x00000007991534d0,0x000000079db80000)
 Metaspace       used 31330K, capacity 32612K, committed 32768K, reserved 1077248K
  class space    used 3807K, capacity 4080K, committed 4096K, reserved 1048576K
}
Event: 6505.189 GC heap before
{Heap before GC invocations=368 (full 9):
 PSYoungGen      total 260608K, used 223026K [0x00000007aab00000, 0x00000007c0000000, 0x00000007c0000000)
  eden space 173056K, 100% used [0x00000007aab00000,0x00000007b5400000,0x00000007b5400000)
  from space 87552K, 57% used [0x00000007baa80000,0x00000007bdb4cab0,0x00000007c0000000)
  to   space 88064K, 0% used [0x00000007b5400000,0x00000007b5400000,0x00000007baa00000)
 ParOldGen       total 486912K, used 410957K [0x0000000780000000, 0x000000079db80000, 0x00000007aab00000)
  object space 486912K, 84% used [0x0000000780000000,0x00000007991534d0,0x000000079db80000)
 Metaspace       used 31330K, capacity 32612K, committed 32768K, reserved 1077248K
  class space    used 3807K, capacity 4080K, committed 4096K, reserved 1048576K
Event: 6505.240 GC heap after
Heap after GC invocations=368 (full 9):
 PSYoungGen      total 261120K, used 49551K [0x00000007aab00000, 0x00000007c0000000, 0x00000007c0000000)
  eden space 173056K, 0% used [0x00000007aab00000,0x00000007aab00000,0x00000007b5400000)
  from space 88064K, 56% used [0x00000007b5400000,0x00000007b8463e50,0x00000007baa00000)
  to   space 88064K, 0% used [0x00000007baa00000,0x00000007baa00000,0x00000007c0000000)
 ParOldGen       total 486912K, used 411413K [0x0000000780000000, 0x000000079db80000, 0x00000007aab00000)
  object space 486912K, 84% used [0x0000000780000000,0x00000007991c54d0,0x000000079db80000)
 Metaspace       used 31330K, capacity 32612K, committed 32768K, reserved 1077248K
  class space    used 3807K, capacity 4080K, committed 4096K, reserved 1048576K
}
Event: 6505.433 GC heap before
{Heap before GC invocations=369 (full 9):
 PSYoungGen      total 261120K, used 222607K [0x00000007aab00000, 0x00000007c0000000, 0x00000007c0000000)
  eden space 173056K, 100% used [0x00000007aab00000,0x00000007b5400000,0x00000007b5400000)
  from space 88064K, 56% used [0x00000007b5400000,0x00000007b8463e50,0x00000007baa00000)
  to   space 88064K, 0% used [0x00000007baa00000,0x00000007baa00000,0x00000007c0000000)
 ParOldGen       total 486912K, used 411413K [0x0000000780000000, 0x000000079db80000, 0x00000007aab00000)
  object space 486912K, 84% used [0x0000000780000000,0x00000007991c54d0,0x000000079db80000)
 Metaspace       used 31330K, capacity 32612K, committed 32768K, reserved 1077248K
  class space    used 3807K, capacity 4080K, committed 4096K, reserved 1048576K
Event: 6505.499 GC heap after
Heap after GC invocations=369 (full 9):
 PSYoungGen      total 260096K, used 9060K [0x00000007aab00000, 0x00000007bff00000, 0x00000007c0000000)
  eden space 173056K, 0% used [0x00000007aab00000,0x00000007aab00000,0x00000007b5400000)
  from space 87040K, 10% used [0x00000007baa00000,0x00000007bb2d93d0,0x00000007bff00000)
  to   space 87552K, 0% used [0x00000007b5400000,0x00000007b5400000,0x00000007ba980000)
 ParOldGen       total 486912K, used 452185K [0x0000000780000000, 0x000000079db80000, 0x00000007aab00000)
  object space 486912K, 92% used [0x0000000780000000,0x000000079b9964e8,0x000000079db80000)
 Metaspace       used 31330K, capacity 32612K, committed 32768K, reserved 1077248K
  class space    used 3807K, capacity 4080K, committed 4096K, reserved 1048576K
}
Event: 6505.501 GC heap before
{Heap before GC invocations=370 (full 10):
 PSYoungGen      total 260096K, used 9060K [0x00000007aab00000, 0x00000007bff00000, 0x00000007c0000000)
  eden space 173056K, 0% used [0x00000007aab00000,0x00000007aab00000,0x00000007b5400000)
  from space 87040K, 10% used [0x00000007baa00000,0x00000007bb2d93d0,0x00000007bff00000)
  to   space 87552K, 0% used [0x00000007b5400000,0x00000007b5400000,0x00000007ba980000)
 ParOldGen       total 486912K, used 452185K [0x0000000780000000, 0x000000079db80000, 0x00000007aab00000)
  object space 486912K, 92% used [0x0000000780000000,0x000000079b9964e8,0x000000079db80000)
 Metaspace       used 31330K, capacity 32612K, committed 32768K, reserved 1077248K
  class space    used 3807K, capacity 4080K, committed 4096K, reserved 1048576K
Event: 6506.316 GC heap after
Heap after GC invocations=370 (full 10):
 PSYoungGen      total 260096K, used 0K [0x00000007aab00000, 0x00000007bff00000, 0x00000007c0000000)
  eden space 173056K, 0% used [0x00000007aab00000,0x00000007aab00000,0x00000007b5400000)
  from space 87040K, 0% used [0x00000007baa00000,0x00000007baa00000,0x00000007bff00000)
  to   space 87552K, 0% used [0x00000007b5400000,0x00000007b5400000,0x00000007ba980000)
 ParOldGen       total 474624K, used 167364K [0x0000000780000000, 0x000000079cf80000, 0x00000007aab00000)
  object space 474624K, 35% used [0x0000000780000000,0x000000078a371060,0x000000079cf80000)
 Metaspace       used 31330K, capacity 32612K, committed 32768K, reserved 1077248K
  class space    used 3807K, capacity 4080K, committed 4096K, reserved 1048576K
}

